{"C:\\Users\\ilyal\\Desktop\\algoritm\\src\\math.ts": {"path":"C:\\Users\\ilyal\\Desktop\\algoritm\\src\\math.ts","statementMap":{"0":{"start":{"line":1,"column":0},"end":{"line":1,"column":16}},"1":{"start":{"line":5,"column":2},"end":{"line":5,"column":18}},"2":{"start":{"line":9,"column":2},"end":{"line":9,"column":18}},"3":{"start":{"line":16,"column":2},"end":{"line":16,"column":18}},"4":{"start":{"line":20,"column":2},"end":{"line":20,"column":18}},"5":{"start":{"line":24,"column":2},"end":{"line":24,"column":18}},"6":{"start":{"line":31,"column":2},"end":{"line":31,"column":18}},"7":{"start":{"line":38,"column":2},"end":{"line":38,"column":18}},"8":{"start":{"line":42,"column":2},"end":{"line":42,"column":18}},"9":{"start":{"line":50,"column":2},"end":{"line":50,"column":18}},"10":{"start":{"line":55,"column":2},"end":{"line":55,"column":18}},"11":{"start":{"line":60,"column":2},"end":{"line":60,"column":18}},"12":{"start":{"line":2,"column":4},"end":{"line":2,"column":17}},"13":{"start":{"line":6,"column":4},"end":{"line":6,"column":17}},"14":{"start":{"line":10,"column":4},"end":{"line":12,"column":5}},"15":{"start":{"line":11,"column":6},"end":{"line":11,"column":47}},"16":{"start":{"line":13,"column":4},"end":{"line":13,"column":17}},"17":{"start":{"line":17,"column":4},"end":{"line":17,"column":17}},"18":{"start":{"line":21,"column":4},"end":{"line":21,"column":36}},"19":{"start":{"line":25,"column":4},"end":{"line":27,"column":5}},"20":{"start":{"line":26,"column":6},"end":{"line":26,"column":70}},"21":{"start":{"line":28,"column":4},"end":{"line":28,"column":17}},"22":{"start":{"line":32,"column":4},"end":{"line":34,"column":5}},"23":{"start":{"line":33,"column":6},"end":{"line":33,"column":71}},"24":{"start":{"line":35,"column":4},"end":{"line":35,"column":28}},"25":{"start":{"line":39,"column":4},"end":{"line":39,"column":27}},"26":{"start":{"line":43,"column":4},"end":{"line":45,"column":5}},"27":{"start":{"line":44,"column":6},"end":{"line":44,"column":67}},"28":{"start":{"line":46,"column":4},"end":{"line":46,"column":29}},"29":{"start":{"line":51,"column":27},"end":{"line":51,"column":48}},"30":{"start":{"line":52,"column":4},"end":{"line":52,"column":36}},"31":{"start":{"line":56,"column":27},"end":{"line":56,"column":48}},"32":{"start":{"line":57,"column":4},"end":{"line":57,"column":36}},"33":{"start":{"line":61,"column":27},"end":{"line":61,"column":48}},"34":{"start":{"line":62,"column":4},"end":{"line":62,"column":36}}},"fnMap":{"0":{"name":"sum","decl":{"start":{"line":1,"column":16},"end":{"line":1,"column":19}},"loc":{"start":{"line":1,"column":40},"end":{"line":3,"column":3}}},"1":{"name":"multiplyNumbers","decl":{"start":{"line":5,"column":18},"end":{"line":5,"column":33}},"loc":{"start":{"line":5,"column":54},"end":{"line":7,"column":3}}},"2":{"name":"divideNumbers","decl":{"start":{"line":9,"column":18},"end":{"line":9,"column":31}},"loc":{"start":{"line":9,"column":52},"end":{"line":14,"column":3}}},"3":{"name":"subtractNumbers","decl":{"start":{"line":16,"column":18},"end":{"line":16,"column":33}},"loc":{"start":{"line":16,"column":54},"end":{"line":18,"column":3}}},"4":{"name":"raiseToPower","decl":{"start":{"line":20,"column":18},"end":{"line":20,"column":30}},"loc":{"start":{"line":20,"column":61},"end":{"line":22,"column":3}}},"5":{"name":"remainder","decl":{"start":{"line":24,"column":18},"end":{"line":24,"column":27}},"loc":{"start":{"line":24,"column":48},"end":{"line":29,"column":3}}},"6":{"name":"sqrt","decl":{"start":{"line":31,"column":18},"end":{"line":31,"column":22}},"loc":{"start":{"line":31,"column":36},"end":{"line":36,"column":3}}},"7":{"name":"absoluteValue","decl":{"start":{"line":38,"column":18},"end":{"line":38,"column":31}},"loc":{"start":{"line":38,"column":45},"end":{"line":40,"column":3}}},"8":{"name":"logarithmBase10","decl":{"start":{"line":42,"column":18},"end":{"line":42,"column":33}},"loc":{"start":{"line":42,"column":47},"end":{"line":47,"column":3}}},"9":{"name":"calculateSine","decl":{"start":{"line":50,"column":18},"end":{"line":50,"column":31}},"loc":{"start":{"line":50,"column":45},"end":{"line":53,"column":3}}},"10":{"name":"calculateCosine","decl":{"start":{"line":55,"column":18},"end":{"line":55,"column":33}},"loc":{"start":{"line":55,"column":47},"end":{"line":58,"column":3}}},"11":{"name":"calculateTangent","decl":{"start":{"line":60,"column":18},"end":{"line":60,"column":34}},"loc":{"start":{"line":60,"column":48},"end":{"line":63,"column":3}}}},"branchMap":{"0":{"loc":{"start":{"line":10,"column":4},"end":{"line":12,"column":5}},"type":"if","locations":[{"start":{"line":10,"column":4},"end":{"line":12,"column":5}}]},"1":{"loc":{"start":{"line":25,"column":4},"end":{"line":27,"column":5}},"type":"if","locations":[{"start":{"line":25,"column":4},"end":{"line":27,"column":5}}]},"2":{"loc":{"start":{"line":32,"column":4},"end":{"line":34,"column":5}},"type":"if","locations":[{"start":{"line":32,"column":4},"end":{"line":34,"column":5}}]},"3":{"loc":{"start":{"line":43,"column":4},"end":{"line":45,"column":5}},"type":"if","locations":[{"start":{"line":43,"column":4},"end":{"line":45,"column":5}}]}},"s":{"0":1,"1":1,"2":1,"3":1,"4":1,"5":1,"6":1,"7":1,"8":1,"9":1,"10":1,"11":1,"12":4,"13":3,"14":4,"15":1,"16":3,"17":3,"18":1,"19":2,"20":1,"21":1,"22":2,"23":1,"24":1,"25":1,"26":3,"27":2,"28":1,"29":1,"30":1,"31":1,"32":1,"33":1,"34":1},"f":{"0":4,"1":3,"2":4,"3":3,"4":1,"5":2,"6":2,"7":1,"8":3,"9":1,"10":1,"11":1},"b":{"0":[1],"1":[1],"2":[1],"3":[2]}}
}
