TN:
SF:src\math.ts
FN:1,sum
FN:5,multiplyNumbers
FN:9,divideNumbers
FN:16,subtractNumbers
FN:20,raiseToPower
FN:24,remainder
FN:31,sqrt
FN:38,absoluteValue
FN:42,logarithmBase10
FN:50,calculateSine
FN:55,calculateCosine
FN:60,calculateTangent
FNF:12
FNH:12
FNDA:4,sum
FNDA:3,multiplyNumbers
FNDA:4,divideNumbers
FNDA:3,subtractNumbers
FNDA:1,raiseToPower
FNDA:2,remainder
FNDA:2,sqrt
FNDA:1,absoluteValue
FNDA:3,logarithmBase10
FNDA:1,calculateSine
FNDA:1,calculateCosine
FNDA:1,calculateTangent
DA:1,1
DA:2,4
DA:5,1
DA:6,3
DA:9,1
DA:10,4
DA:11,1
DA:13,3
DA:16,1
DA:17,3
DA:20,1
DA:21,1
DA:24,1
DA:25,2
DA:26,1
DA:28,1
DA:31,1
DA:32,2
DA:33,1
DA:35,1
DA:38,1
DA:39,1
DA:42,1
DA:43,3
DA:44,2
DA:46,1
DA:50,1
DA:51,1
DA:52,1
DA:55,1
DA:56,1
DA:57,1
DA:60,1
DA:61,1
DA:62,1
LF:35
LH:35
BRDA:10,0,0,1
BRDA:25,1,0,1
BRDA:32,2,0,1
BRDA:43,3,0,2
BRF:4
BRH:4
end_of_record
